2019-11-11 10:14:08 INFO  MobiquityProjectApplication:651 - No active profile set, falling back to default profiles: default
2019-11-11 10:14:11 INFO  MobiquityProjectApplication:61 - Started MobiquityProjectApplication in 3.611 seconds (JVM running for 4.447)
2019-11-11 10:14:30 INFO  CustomerController:35 - Add customer post request is recieved for customer with phone no :9000000000
2019-11-11 10:14:30 INFO  CustomerService:41 - Customer [customerID=1.573447470784E12, phoneNo=9000000000, firstname=Puru, lastname=shotham, email=shoub@gmail.com, gender=Do not want to disclose, age=34, houseNo=3423, street=drsgr, city=rgsdf, state=Ofu‑Olosega]>>>>>>>>Customer added sucessfully<<<<<<<<<
2019-11-11 10:17:39 INFO  AdminController:31 - Admin validation post request
2019-11-11 10:18:15 INFO  CustomerController:35 - Add customer post request is recieved for customer with phone no :8000000000
2019-11-11 10:18:15 INFO  CustomerService:41 - Customer [customerID=1.573447695327E12, phoneNo=8000000000, firstname=sudu, lastname=sdfg, email=shoub@gmail.com, gender=Do not want to disclose, age=34, houseNo=23, street=drsgr, city=rgsdf, state=Ofu‑Olosega]>>>>>>>>Customer added sucessfully<<<<<<<<<
2019-11-11 10:20:55 INFO  AdminController:31 - Admin validation post request
2019-11-11 10:21:29 INFO  CustomerController:35 - Add customer post request is recieved for customer with phone no :7087469033
2019-11-11 10:21:29 INFO  CustomerService:41 - Customer [customerID=1.57344788971E12, phoneNo=7087469033, firstname=jas, lastname=singh, email=jaskaran@gmail.com, gender=Male, age=22, houseNo=22, street=pyramid, city=amritsar, state=Punjab]>>>>>>>>Customer added sucessfully<<<<<<<<<
2019-11-11 10:21:43 INFO  CustomerController:41 - view customer request is recieved for Customer with phone no. :7087469033
2019-11-11 10:21:43 INFO  CustomerService:28 - View customer Response sent
2019-11-11 10:21:50 INFO  CustomerController:47 - view all customer request recieved
2019-11-11 10:23:07 INFO  AdminController:31 - Admin validation post request
2019-11-11 10:23:23 INFO  CustomerController:35 - Add customer post request is recieved for customer with phone no :7000000000
2019-11-11 10:23:23 INFO  CustomerService:41 - Customer [customerID=1.57344800318E12, phoneNo=7000000000, firstname=Puru, lastname=shotham, email=shoub@gmail.com, gender=Male, age=43, houseNo=43, street=drsgr, city=rgsdf, state=Ofu‑Olosega]>>>>>>>>Customer added sucessfully<<<<<<<<<
2019-11-11 10:23:37 INFO  CustomerController:35 - Add customer post request is recieved for customer with phone no :7000000000
2019-11-11 10:23:37 INFO  CustomerService:41 - Customer [customerID=1.573448017031E12, phoneNo=7000000000, firstname=Puru, lastname=shotham, email=shoub@gmail.com, gender=Male, age=43, houseNo=43, street=drsgr, city=rgsdf, state=Ofu‑Olosega]>>>>>>>>Customer added sucessfully<<<<<<<<<
2019-11-11 10:23:56 INFO  CustomerController:35 - Add customer post request is recieved for customer with phone no :9115156622
2019-11-11 10:23:56 INFO  CustomerService:41 - Customer [customerID=1.573448036242E12, phoneNo=9115156622, firstname=JASKARAN, lastname=SINGH, email=jaskaran@gmail.com, gender=Male, age=33, houseNo=22, street=pyramid, city=amritsar, state=Punjab]>>>>>>>>Customer added sucessfully<<<<<<<<<
2019-11-11 10:24:21 INFO  AdminController:31 - Admin validation post request
2019-11-11 10:24:56 INFO  CustomerController:35 - Add customer post request is recieved for customer with phone no :9000000000
2019-11-11 10:24:56 INFO  CustomerService:41 - Customer [customerID=1.573448096143E12, phoneNo=9000000000, firstname=Puru, lastname=shotham, email=shoub@gmail.com, gender=Do not want to disclose, age=33, houseNo=12, street=drsgr, city=rgsdf, state=Ofu‑Olosega]>>>>>>>>Customer added sucessfully<<<<<<<<<
2019-11-11 10:25:51 INFO  CustomerController:47 - view all customer request recieved
2019-11-11 10:25:52 INFO  CustomerController:41 - view customer request is recieved for Customer with phone no. :9115156622
2019-11-11 10:25:52 INFO  CustomerService:28 - View customer Response sent
2019-11-11 10:25:54 INFO  CustomerController:47 - view all customer request recieved
2019-11-11 10:26:13 INFO  CustomerController:41 - view customer request is recieved for Customer with phone no. :8888888888
2019-11-11 10:26:13 INFO  CustomerService:28 - View customer Response sent
2019-11-11 10:26:33 INFO  CustomerController:35 - Add customer post request is recieved for customer with phone no :7087469033
2019-11-11 10:26:33 INFO  CustomerService:41 - Customer [customerID=1.573448193824E12, phoneNo=7087469033, firstname=JASKARAN, lastname=SINGH, email=jaskaran@gmail.com, gender=Male, age=21, houseNo=33, street=pyramid, city=amritsar, state=Punjab]>>>>>>>>Customer added sucessfully<<<<<<<<<
2019-11-11 10:26:43 INFO  CustomerController:41 - view customer request is recieved for Customer with phone no. :7087469033
2019-11-11 10:26:43 ERROR CustomerService:31 - query did not return a unique result: 2; nested exception is javax.persistence.NonUniqueResultException: query did not return a unique result: 2
2019-11-11 10:27:10 INFO  CustomerController:47 - view all customer request recieved
2019-11-11 10:27:43 INFO  CustomerController:41 - view customer request is recieved for Customer with phone no. :7087469033
2019-11-11 10:27:43 ERROR CustomerService:31 - query did not return a unique result: 2; nested exception is javax.persistence.NonUniqueResultException: query did not return a unique result: 2
2019-11-11 10:28:46 INFO  CustomerController:47 - view all customer request recieved
2019-11-11 10:33:27 INFO  AdminController:31 - Admin validation post request
2019-11-11 10:34:14 INFO  CustomerController:35 - Add customer post request is recieved for customer with phone no :8285879664
2019-11-11 10:34:14 INFO  CustomerService:41 - Customer [customerID=1.573448654473E12, phoneNo=8285879664, firstname=sohail, lastname=alam, email=mdsohail8307@gmail.com, gender=Male, age=23, houseNo=123, street=12, city=kjdkfj, state=Antarctica]>>>>>>>>Customer added sucessfully<<<<<<<<<
2019-11-11 10:34:22 INFO  CustomerController:41 - view customer request is recieved for Customer with phone no. :8285879664
2019-11-11 10:34:23 INFO  CustomerService:28 - View customer Response sent
2019-11-11 10:34:29 INFO  CustomerController:47 - view all customer request recieved
2019-11-11 11:10:52 INFO  MobiquityProjectApplication:651 - No active profile set, falling back to default profiles: default
2019-11-11 11:10:55 INFO  MobiquityProjectApplication:61 - Started MobiquityProjectApplication in 3.45 seconds (JVM running for 4.283)
2019-11-11 11:11:18 INFO  AdminController:31 - Admin validation post request
2019-11-11 11:15:55 INFO  MobiquityProjectApplication:651 - No active profile set, falling back to default profiles: default
2019-11-11 11:15:56 INFO  MobiquityProjectApplication:61 - Started MobiquityProjectApplication in 0.971 seconds (JVM running for 304.878)
2019-11-11 11:16:58 INFO  AdminController:31 - Admin validation post request for adminsudhakar_bhat
2019-11-11 11:17:36 INFO  AdminController:31 - Admin validation post request for adminsudhakar_bhat
2019-11-11 11:17:42 INFO  AdminController:31 - Admin validation post request for adminsudhakar_bhat
2019-11-11 11:17:47 INFO  AdminController:31 - Admin validation post request for adminsudhakar_bhat
2019-11-11 11:17:53 INFO  AdminController:31 - Admin validation post request for adminqwerty123
2019-11-11 11:18:57 INFO  AdminController:31 - Admin validation post request for adminsudhakar_bhat
2019-11-11 11:19:19 INFO  MobiquityProjectApplication:651 - No active profile set, falling back to default profiles: default
2019-11-11 11:19:20 INFO  MobiquityProjectApplication:61 - Started MobiquityProjectApplication in 1.009 seconds (JVM running for 509.282)
2019-11-11 11:19:24 INFO  AdminController:31 - Admin validation post request for admin :sudhakar_bhat
2019-11-11 11:20:21 INFO  MobiquityProjectApplication:651 - No active profile set, falling back to default profiles: default
2019-11-11 11:20:22 INFO  MobiquityProjectApplication:61 - Started MobiquityProjectApplication in 0.975 seconds (JVM running for 571.29)
2019-11-11 11:21:15 INFO  MobiquityProjectApplication:651 - No active profile set, falling back to default profiles: default
2019-11-11 11:21:16 INFO  MobiquityProjectApplication:61 - Started MobiquityProjectApplication in 1.06 seconds (JVM running for 625.165)
2019-11-11 11:25:54 INFO  MobiquityProjectApplication:651 - No active profile set, falling back to default profiles: default
2019-11-11 11:25:55 INFO  MobiquityProjectApplication:61 - Started MobiquityProjectApplication in 0.958 seconds (JVM running for 904.23)
2019-11-11 11:25:57 INFO  CustomerController:36 - Add customer post request is recieved for customer with phone no :7483504691
2019-11-11 11:25:57 INFO  CustomerService:43 - Customer [customerID=1.57345175792E12, phoneNo=7483504691, firstname=aaa, lastname=CCC, email=aa@a.com, gender=Male, age=19, houseNo=asdcas, street=asdcas, city=b, state=null]>>>>>>>>Customer added sucessfully<<<<<<<<<
2019-11-11 11:26:28 INFO  CustomerController:36 - Add customer post request is recieved for customer with phone no :7483504691
2019-11-11 11:26:28 INFO  CustomerService:43 - Customer [customerID=1.573451788006E12, phoneNo=7483504691, firstname=aaa, lastname=CCC, email=aa@a.com, gender=Male, age=19, houseNo=asdcas, street=asdcas, city=b, state=null]>>>>>>>>Customer added sucessfully<<<<<<<<<
2019-11-11 11:27:30 INFO  MobiquityProjectApplication:651 - No active profile set, falling back to default profiles: default
2019-11-11 11:27:33 INFO  MobiquityProjectApplication:61 - Started MobiquityProjectApplication in 3.497 seconds (JVM running for 4.341)
2019-11-11 11:27:46 INFO  CustomerController:36 - Add customer post request is recieved for customer with phone no :7483504691
2019-11-11 11:27:46 INFO  CustomerService:43 - Customer [customerID=1.573451866323E12, phoneNo=7483504691, firstname=aaa, lastname=CCC, email=aa@a.com, gender=Male, age=19, houseNo=asdcas, street=asdcas, city=b, state=null]>>>>>>>>Customer added sucessfully<<<<<<<<<
2019-11-11 11:29:08 INFO  CustomerController:42 - view customer request is recieved for Customer with phone no. :7483504691
2019-11-11 11:29:09 INFO  CustomerService:29 - View customer Response sent for customer with phone no :7483504691
2019-11-11 11:29:26 INFO  CustomerController:36 - Add customer post request is recieved for customer with phone no :8971307511
2019-11-11 11:29:26 INFO  CustomerService:43 - Customer [customerID=1.57345196615E12, phoneNo=8971307511, firstname=aaa, lastname=CCC, email=aa@a.com, gender=Do not want to disclose, age=19, houseNo=were, street=asdcas, city=b, state=null]>>>>>>>>Customer added sucessfully<<<<<<<<<
2019-11-11 11:30:18 INFO  MobiquityProjectApplication:651 - No active profile set, falling back to default profiles: default
2019-11-11 11:30:19 INFO  MobiquityProjectApplication:61 - Started MobiquityProjectApplication in 0.959 seconds (JVM running for 170.829)
2019-11-11 11:30:37 INFO  MobiquityProjectApplication:651 - No active profile set, falling back to default profiles: default
2019-11-11 11:30:38 INFO  MobiquityProjectApplication:61 - Started MobiquityProjectApplication in 0.949 seconds (JVM running for 189.837)
2019-11-11 11:30:38 INFO  CustomerController:36 - Add customer post request is recieved for customerv : Customer [customerID=0.0, phoneNo=8971307511, firstname=aaa, lastname=CCC, email=aa@a.com, gender=Do not want to disclose, age=19, houseNo=asdcas, street=asdcas, city=b, state=null]
2019-11-11 11:30:38 INFO  CustomerService:43 - Customer [customerID=1.57345203886E12, phoneNo=8971307511, firstname=aaa, lastname=CCC, email=aa@a.com, gender=Do not want to disclose, age=19, houseNo=asdcas, street=asdcas, city=b, state=null]>>>>>>>>Customer added sucessfully<<<<<<<<<
2019-11-11 11:34:06 INFO  CustomerController:36 - Add customer post request is recieved for customerv : Customer [customerID=0.0, phoneNo=08971307511, firstname=aaa, lastname=CCC, email=aa@a.com, gender=Male, age=18, houseNo=were, street=asdcas, city=b, state=Kerala]
2019-11-11 11:34:06 INFO  CustomerService:43 - Customer [customerID=1.573452246645E12, phoneNo=08971307511, firstname=aaa, lastname=CCC, email=aa@a.com, gender=Male, age=18, houseNo=were, street=asdcas, city=b, state=Kerala]>>>>>>>>Customer added sucessfully<<<<<<<<<
2019-11-11 11:36:28 INFO  CustomerController:36 - Add customer post request is recieved for customerv : Customer [customerID=0.0, phoneNo=8971307511, firstname=aaa, lastname=CCC, email=aa@a.com, gender=Do not want to disclose, age=19, houseNo=asdcas, street=asdcas, city=b, state=null]
2019-11-11 11:36:28 INFO  CustomerService:43 - Customer [customerID=1.573452388932E12, phoneNo=8971307511, firstname=aaa, lastname=CCC, email=aa@a.com, gender=Do not want to disclose, age=19, houseNo=asdcas, street=asdcas, city=b, state=null]>>>>>>>>Customer added sucessfully<<<<<<<<<
2019-11-11 11:37:37 INFO  CustomerController:36 - Add customer post request is recieved for customerv : Customer [customerID=0.0, phoneNo=08971307511, firstname=aaa, lastname=CCC, email=aa@a.com, gender=Do not want to disclose, age=19, houseNo=asdcas, street=asdcas, city=b, state=Kerala]
2019-11-11 11:37:37 INFO  CustomerService:43 - Customer [customerID=1.573452457937E12, phoneNo=08971307511, firstname=aaa, lastname=CCC, email=aa@a.com, gender=Do not want to disclose, age=19, houseNo=asdcas, street=asdcas, city=b, state=Kerala]>>>>>>>>Customer added sucessfully<<<<<<<<<
2019-11-11 11:44:48 INFO  CustomerController:36 - Add customer post request is recieved for customerv : Customer [customerID=0.0, phoneNo=8971307511, firstname=aaa, lastname=CCC, email=aa@a.com, gender=Do not want to disclose, age=19, houseNo=asdcas, street=asdcas, city=b, state=Kerala]
2019-11-11 11:44:48 INFO  CustomerService:43 - Customer [customerID=1.573452888751E12, phoneNo=8971307511, firstname=aaa, lastname=CCC, email=aa@a.com, gender=Do not want to disclose, age=19, houseNo=asdcas, street=asdcas, city=b, state=Kerala]>>>>>>>>Customer added sucessfully<<<<<<<<<
2019-11-11 11:45:46 INFO  CustomerController:36 - Add customer post request is recieved for customerv : Customer [customerID=0.0, phoneNo=7483504691, firstname=aaa, lastname=CCC, email=aa@a.com, gender=Do not want to disclose, age=19, houseNo=asdcas, street=asdcas, city=b, state=Kerala]
2019-11-11 11:45:46 INFO  CustomerService:43 - Customer [customerID=1.573452946707E12, phoneNo=7483504691, firstname=aaa, lastname=CCC, email=aa@a.com, gender=Do not want to disclose, age=19, houseNo=asdcas, street=asdcas, city=b, state=Kerala]>>>>>>>>Customer added sucessfully<<<<<<<<<
2019-11-11 11:45:51 INFO  CustomerController:48 - view all customer request recieved
2019-11-11 11:46:03 INFO  CustomerController:42 - view customer request is recieved for Customer with phone no. :7483504691
2019-11-11 11:46:03 INFO  CustomerService:29 - View customer Response sent for customer with phone no :7483504691
2019-11-11 11:46:07 INFO  CustomerController:42 - view customer request is recieved for Customer with phone no. :07483504691
2019-11-11 11:46:07 INFO  CustomerService:29 - View customer Response sent for customer with phone no :07483504691
2019-11-11 11:46:48 INFO  CustomerController:42 - view customer request is recieved for Customer with phone no. :7483504691
2019-11-11 11:46:48 INFO  CustomerService:29 - View customer Response sent for customer with phone no :7483504691
2019-11-11 11:46:53 INFO  CustomerController:42 - view customer request is recieved for Customer with phone no. :7483504691
2019-11-11 11:46:53 INFO  CustomerService:29 - View customer Response sent for customer with phone no :7483504691
2019-11-11 11:47:11 INFO  CustomerController:42 - view customer request is recieved for Customer with phone no. :7483504691
2019-11-11 11:47:11 INFO  CustomerService:29 - View customer Response sent for customer with phone no :7483504691
2019-11-11 11:48:37 INFO  CustomerController:48 - view all customer request recieved
2019-11-11 11:52:03 INFO  CustomerController:36 - Add customer post request is recieved for customerv : Customer [customerID=0.0, phoneNo=7483504691, firstname=xxx, lastname=CCC, email=aa@a.com, gender=Male, age=19, houseNo=were, street=asdcas, city=b, state=Kerala]
2019-11-11 11:52:03 INFO  CustomerService:43 - Customer [customerID=1.573453323586E12, phoneNo=7483504691, firstname=xxx, lastname=CCC, email=aa@a.com, gender=Male, age=19, houseNo=were, street=asdcas, city=b, state=Kerala]>>>>>>>>Customer added sucessfully<<<<<<<<<
2019-11-11 11:52:05 INFO  CustomerController:48 - view all customer request recieved
2019-11-11 11:52:19 INFO  CustomerController:42 - view customer request is recieved for Customer with phone no. :7483504691
2019-11-11 11:52:19 ERROR CustomerService:32 - View customer Response failed for customer with phone no :7483504691
2019-11-11 11:52:19 ERROR CustomerService:33 - query did not return a unique result: 2; nested exception is javax.persistence.NonUniqueResultException: query did not return a unique result: 2
2019-11-11 11:52:37 INFO  CustomerController:42 - view customer request is recieved for Customer with phone no. :7483504691
2019-11-11 11:52:37 ERROR CustomerService:32 - View customer Response failed for customer with phone no :7483504691
2019-11-11 11:52:37 ERROR CustomerService:33 - query did not return a unique result: 2; nested exception is javax.persistence.NonUniqueResultException: query did not return a unique result: 2
2019-11-11 11:52:45 INFO  CustomerController:42 - view customer request is recieved for Customer with phone no. :7483504691
2019-11-11 11:52:45 ERROR CustomerService:32 - View customer Response failed for customer with phone no :7483504691
2019-11-11 11:52:45 ERROR CustomerService:33 - query did not return a unique result: 2; nested exception is javax.persistence.NonUniqueResultException: query did not return a unique result: 2
2019-11-11 12:05:26 INFO  MobiquityProjectApplication:651 - No active profile set, falling back to default profiles: default
2019-11-11 12:05:29 INFO  MobiquityProjectApplication:61 - Started MobiquityProjectApplication in 3.475 seconds (JVM running for 4.303)
2019-11-11 12:05:43 INFO  AdminController:31 - Admin validation post request for admin :purushotham_bv
2019-11-11 12:05:51 INFO  CustomerController:48 - view all customer request recieved
2019-11-11 12:06:32 INFO  CustomerController:36 - Add customer post request is recieved for customerv : Customer [customerID=0.0, phoneNo=9419181878, firstname=Puru, lastname=shotham, email=shoub@gmail.com, gender=Male, age=45, houseNo=45, street=drsgr, city=rgsdf, state=Ofu‑Olosega]
2019-11-11 12:06:32 INFO  CustomerService:43 - Customer [customerID=1.57345419205E12, phoneNo=9419181878, firstname=Puru, lastname=shotham, email=shoub@gmail.com, gender=Male, age=45, houseNo=45, street=drsgr, city=rgsdf, state=Ofu‑Olosega]>>>>>>>>Customer added sucessfully<<<<<<<<<
2019-11-11 12:06:48 INFO  CustomerController:48 - view all customer request recieved
2019-11-11 12:06:53 INFO  CustomerController:48 - view all customer request recieved
2019-11-11 12:06:57 INFO  AdminController:31 - Admin validation post request for admin :qwerty123
2019-11-11 12:07:00 INFO  AdminController:31 - Admin validation post request for admin :qwerty123
2019-11-11 12:07:04 INFO  CustomerController:42 - view customer request is recieved for Customer with phone no. :7087469033
2019-11-11 12:07:04 INFO  CustomerService:29 - View customer Response sent for customer with phone no :7087469033
2019-11-11 12:07:06 INFO  AdminController:31 - Admin validation post request for admin :sudhakar_bhat
2019-11-11 12:07:17 INFO  CustomerController:42 - view customer request is recieved for Customer with phone no. :9999999999
2019-11-11 12:07:17 INFO  CustomerService:29 - View customer Response sent for customer with phone no :9999999999
2019-11-11 12:07:45 INFO  CustomerController:42 - view customer request is recieved for Customer with phone no. :7483504691
2019-11-11 12:07:45 INFO  CustomerService:29 - View customer Response sent for customer with phone no :7483504691
2019-11-11 12:07:46 INFO  CustomerController:42 - view customer request is recieved for Customer with phone no. :7483504691
2019-11-11 12:07:46 INFO  CustomerService:29 - View customer Response sent for customer with phone no :7483504691
2019-11-11 12:09:31 INFO  CustomerController:48 - view all customer request recieved
2019-11-11 12:09:57 INFO  CustomerController:48 - view all customer request recieved
2019-11-11 12:10:08 INFO  CustomerController:48 - view all customer request recieved
2019-11-11 12:10:33 INFO  CustomerController:48 - view all customer request recieved
2019-11-11 12:11:05 INFO  CustomerController:42 - view customer request is recieved for Customer with phone no. :7483504691
2019-11-11 12:11:05 INFO  CustomerService:29 - View customer Response sent for customer with phone no :7483504691
2019-11-11 12:13:49 INFO  CustomerController:48 - view all customer request recieved
2019-11-11 12:13:54 INFO  CustomerController:42 - view customer request is recieved for Customer with phone no. :7483504691
2019-11-11 12:13:54 INFO  CustomerService:29 - View customer Response sent for customer with phone no :7483504691
2019-11-11 12:13:59 INFO  CustomerController:48 - view all customer request recieved
2019-11-11 12:14:06 INFO  CustomerController:42 - view customer request is recieved for Customer with phone no. :7483504691
2019-11-11 12:14:06 INFO  CustomerService:29 - View customer Response sent for customer with phone no :7483504691
2019-11-11 12:15:41 INFO  CustomerController:48 - view all customer request recieved
2019-11-11 12:15:42 INFO  CustomerController:48 - view all customer request recieved
2019-11-11 12:16:13 INFO  CustomerController:48 - view all customer request recieved
2019-11-11 12:16:13 INFO  CustomerController:48 - view all customer request recieved
2019-11-11 12:17:01 INFO  CustomerController:48 - view all customer request recieved
2019-11-11 12:17:02 INFO  CustomerController:48 - view all customer request recieved
2019-11-11 12:17:29 INFO  CustomerController:48 - view all customer request recieved
2019-11-11 12:17:30 INFO  CustomerController:48 - view all customer request recieved
2019-11-11 12:18:07 INFO  CustomerController:48 - view all customer request recieved
2019-11-11 12:18:08 INFO  CustomerController:48 - view all customer request recieved
2019-11-11 12:18:22 INFO  CustomerController:48 - view all customer request recieved
2019-11-11 12:18:22 INFO  CustomerController:48 - view all customer request recieved
2019-11-11 12:18:26 INFO  CustomerController:48 - view all customer request recieved
2019-11-11 12:18:26 INFO  CustomerController:48 - view all customer request recieved
2019-11-11 12:20:34 INFO  CustomerController:48 - view all customer request recieved
2019-11-11 12:20:40 INFO  CustomerController:42 - view customer request is recieved for Customer with phone no. :7483504691
2019-11-11 12:20:40 INFO  CustomerService:29 - View customer Response sent for customer with phone no :7483504691
2019-11-11 12:21:36 INFO  CustomerController:48 - view all customer request recieved
2019-11-11 12:21:40 INFO  CustomerController:42 - view customer request is recieved for Customer with phone no. :7483504691
2019-11-11 12:21:40 INFO  CustomerService:29 - View customer Response sent for customer with phone no :7483504691
2019-11-11 12:21:43 INFO  CustomerController:48 - view all customer request recieved
2019-11-11 12:21:51 INFO  CustomerController:42 - view customer request is recieved for Customer with phone no. :9419181878
2019-11-11 12:21:51 INFO  CustomerService:29 - View customer Response sent for customer with phone no :9419181878
2019-11-11 12:21:55 INFO  CustomerController:42 - view customer request is recieved for Customer with phone no. :7087469033
2019-11-11 12:21:55 INFO  CustomerService:29 - View customer Response sent for customer with phone no :7087469033
2019-11-11 12:22:46 INFO  CustomerController:48 - view all customer request recieved
2019-11-11 12:22:49 INFO  CustomerController:42 - view customer request is recieved for Customer with phone no. :9999999999
2019-11-11 12:22:49 INFO  CustomerService:29 - View customer Response sent for customer with phone no :9999999999
2019-11-11 12:22:52 INFO  CustomerController:48 - view all customer request recieved
2019-11-11 12:22:55 INFO  CustomerController:48 - view all customer request recieved
2019-11-11 12:23:02 INFO  CustomerController:42 - view customer request is recieved for Customer with phone no. :8888888888
2019-11-11 12:23:02 INFO  CustomerService:29 - View customer Response sent for customer with phone no :8888888888
2019-11-11 12:23:09 INFO  CustomerController:42 - view customer request is recieved for Customer with phone no. :7483504691
2019-11-11 12:23:09 INFO  CustomerService:29 - View customer Response sent for customer with phone no :7483504691
2019-11-11 12:23:58 INFO  CustomerController:48 - view all customer request recieved
2019-11-11 12:24:16 INFO  CustomerController:42 - view customer request is recieved for Customer with phone no. :9999999999
2019-11-11 12:24:16 INFO  CustomerService:29 - View customer Response sent for customer with phone no :9999999999
2019-11-11 12:24:48 INFO  CustomerController:48 - view all customer request recieved
2019-11-11 12:24:51 INFO  CustomerController:42 - view customer request is recieved for Customer with phone no. :9999999999
2019-11-11 12:24:51 INFO  CustomerService:29 - View customer Response sent for customer with phone no :9999999999
2019-11-11 12:25:02 INFO  CustomerController:48 - view all customer request recieved
2019-11-11 12:25:05 INFO  CustomerController:42 - view customer request is recieved for Customer with phone no. :9999999999
2019-11-11 12:25:05 INFO  CustomerService:29 - View customer Response sent for customer with phone no :9999999999
2019-11-11 12:25:31 INFO  CustomerController:48 - view all customer request recieved
2019-11-11 12:25:35 INFO  CustomerController:42 - view customer request is recieved for Customer with phone no. :8971307511
2019-11-11 12:25:35 INFO  CustomerService:29 - View customer Response sent for customer with phone no :8971307511
2019-11-11 12:25:52 INFO  CustomerController:42 - view customer request is recieved for Customer with phone no. :7483504691
2019-11-11 12:25:52 INFO  CustomerService:29 - View customer Response sent for customer with phone no :7483504691
2019-11-11 12:25:59 INFO  CustomerController:42 - view customer request is recieved for Customer with phone no. :9999999999
2019-11-11 12:25:59 INFO  CustomerService:29 - View customer Response sent for customer with phone no :9999999999
2019-11-11 12:27:26 INFO  CustomerController:48 - view all customer request recieved
2019-11-11 12:27:49 INFO  CustomerController:48 - view all customer request recieved
2019-11-11 12:28:28 INFO  CustomerController:48 - view all customer request recieved
2019-11-11 12:28:38 INFO  CustomerController:48 - view all customer request recieved
2019-11-11 12:28:41 INFO  CustomerController:42 - view customer request is recieved for Customer with phone no. :9999999999
2019-11-11 12:28:41 INFO  CustomerService:29 - View customer Response sent for customer with phone no :9999999999
2019-11-11 12:28:45 INFO  CustomerController:48 - view all customer request recieved
2019-11-11 12:28:51 INFO  CustomerController:42 - view customer request is recieved for Customer with phone no. :8888888888
2019-11-11 12:28:51 INFO  CustomerService:29 - View customer Response sent for customer with phone no :8888888888
2019-11-11 12:29:04 INFO  CustomerController:42 - view customer request is recieved for Customer with phone no. :7483504691
2019-11-11 12:29:04 INFO  CustomerService:29 - View customer Response sent for customer with phone no :7483504691
2019-11-11 12:29:26 INFO  CustomerController:48 - view all customer request recieved
2019-11-11 12:32:08 INFO  CustomerController:48 - view all customer request recieved
2019-11-11 12:32:23 INFO  CustomerController:36 - Add customer post request is recieved for customerv : Customer [customerID=0.0, phoneNo=1122334455, firstname=aaa, lastname=CCC, email=aa@a.com, gender=Do not want to disclose, age=19, houseNo=asdcas, street=asdcas, city=b, state=Kerala]
2019-11-11 12:32:23 INFO  CustomerService:43 - Customer [customerID=1.573455743229E12, phoneNo=1122334455, firstname=aaa, lastname=CCC, email=aa@a.com, gender=Do not want to disclose, age=19, houseNo=asdcas, street=asdcas, city=b, state=Kerala]>>>>>>>>Customer added sucessfully<<<<<<<<<
2019-11-11 12:32:35 INFO  CustomerController:48 - view all customer request recieved
2019-11-11 12:33:24 INFO  CustomerController:48 - view all customer request recieved
2019-11-11 12:34:50 INFO  CustomerController:48 - view all customer request recieved
2019-11-11 12:35:59 INFO  CustomerController:48 - view all customer request recieved
2019-11-11 12:36:45 INFO  CustomerController:48 - view all customer request recieved
2019-11-11 12:37:03 INFO  CustomerController:48 - view all customer request recieved
2019-11-11 12:37:21 INFO  CustomerController:48 - view all customer request recieved
2019-11-11 12:37:33 INFO  CustomerController:48 - view all customer request recieved
2019-11-11 12:37:36 INFO  CustomerController:42 - view customer request is recieved for Customer with phone no. :9999999999
2019-11-11 12:37:36 INFO  CustomerService:29 - View customer Response sent for customer with phone no :9999999999
2019-11-11 12:37:43 INFO  CustomerController:42 - view customer request is recieved for Customer with phone no. :8888888888
2019-11-11 12:37:43 INFO  CustomerService:29 - View customer Response sent for customer with phone no :8888888888
2019-11-11 12:38:03 INFO  AdminController:31 - Admin validation post request for admin :sudhakar_bhat
2019-11-11 13:18:36 INFO  AdminController:31 - Admin validation post request for admin :purushotham_bv
2019-11-11 13:18:45 INFO  CustomerController:48 - view all customer request recieved
2019-11-11 13:18:53 INFO  CustomerController:42 - view customer request is recieved for Customer with phone no. :9401981878
2019-11-11 13:18:53 INFO  CustomerService:29 - View customer Response sent for customer with phone no :9401981878
2019-11-11 13:18:58 INFO  CustomerController:42 - view customer request is recieved for Customer with phone no. :9419181878
2019-11-11 13:18:58 INFO  CustomerService:29 - View customer Response sent for customer with phone no :9419181878
2019-11-11 13:19:04 INFO  CustomerController:48 - view all customer request recieved
2019-11-11 13:19:13 INFO  CustomerController:48 - view all customer request recieved
2019-11-11 15:02:47 INFO  AdminController:31 - Admin validation post request for admin :sudhakar_bhat
2019-11-11 15:02:52 INFO  CustomerController:48 - view all customer request recieved
2019-11-11 15:48:31 INFO  AdminController:31 - Admin validation post request for admin :sudhakar_bhat
2019-11-11 15:51:17 INFO  CustomerController:36 - Add customer post request is recieved for customerv : Customer [customerID=0.0, phoneNo=7288935968, firstname=rahul, lastname=dubey, email=xyz@gmail.com, gender=Male, age=24, houseNo=15, street=yelahanka, city=Bangalore, state=Karnataka]
2019-11-11 15:51:17 INFO  CustomerService:43 - Customer [customerID=1.573467677087E12, phoneNo=7288935968, firstname=rahul, lastname=dubey, email=xyz@gmail.com, gender=Male, age=24, houseNo=15, street=yelahanka, city=Bangalore, state=Karnataka]>>>>>>>>Customer added sucessfully<<<<<<<<<
2019-11-11 15:51:26 INFO  CustomerController:42 - view customer request is recieved for Customer with phone no. :7288935968
2019-11-11 15:51:26 INFO  CustomerService:29 - View customer Response sent for customer with phone no :7288935968
2019-11-11 15:51:29 INFO  CustomerController:48 - view all customer request recieved
2019-11-11 15:53:44 INFO  AdminController:31 - Admin validation post request for admin :as
2019-11-11 16:04:10 INFO  MobiquityProjectApplication:651 - No active profile set, falling back to default profiles: default
2019-11-11 16:04:14 INFO  MobiquityProjectApplication:61 - Started MobiquityProjectApplication in 3.569 seconds (JVM running for 5.801)
2019-11-11 16:29:46 INFO  MobiquityProjectApplication:651 - No active profile set, falling back to default profiles: default
2019-11-11 16:29:49 INFO  MobiquityProjectApplication:61 - Started MobiquityProjectApplication in 3.377 seconds (JVM running for 4.208)
2019-11-11 16:30:00 INFO  MobiquityProjectApplication:651 - No active profile set, falling back to default profiles: default
2019-11-11 16:30:04 INFO  MobiquityProjectApplication:61 - Started MobiquityProjectApplication in 3.553 seconds (JVM running for 4.4)
2019-11-11 16:30:54 INFO  MobiquityProjectApplication:651 - No active profile set, falling back to default profiles: default
2019-11-11 16:30:55 INFO  MobiquityProjectApplication:61 - Started MobiquityProjectApplication in 0.93 seconds (JVM running for 55.976)
2019-11-11 16:31:24 INFO  MobiquityProjectApplication:651 - No active profile set, falling back to default profiles: default
2019-11-11 16:31:32 INFO  MobiquityProjectApplication:651 - No active profile set, falling back to default profiles: default
2019-11-11 16:31:45 INFO  MobiquityProjectApplication:651 - No active profile set, falling back to default profiles: default
2019-11-11 16:31:48 INFO  MobiquityProjectApplication:61 - Started MobiquityProjectApplication in 3.528 seconds (JVM running for 4.35)
2019-11-11 16:32:25 INFO  MobiquityProjectApplication:651 - No active profile set, falling back to default profiles: default
2019-11-11 16:32:26 INFO  MobiquityProjectApplication:61 - Started MobiquityProjectApplication in 1.011 seconds (JVM running for 42.767)
2019-11-11 16:32:36 INFO  MobiquityProjectApplication:651 - No active profile set, falling back to default profiles: default
2019-11-11 16:32:37 INFO  MobiquityProjectApplication:61 - Started MobiquityProjectApplication in 0.904 seconds (JVM running for 53.545)
2019-11-11 16:32:42 INFO  MobiquityProjectApplication:651 - No active profile set, falling back to default profiles: default
2019-11-11 16:32:45 INFO  MobiquityProjectApplication:61 - Started MobiquityProjectApplication in 3.507 seconds (JVM running for 4.343)
2019-11-11 16:33:57 INFO  MobiquityProjectApplication:651 - No active profile set, falling back to default profiles: default
2019-11-11 16:33:58 INFO  MobiquityProjectApplication:61 - Started MobiquityProjectApplication in 0.921 seconds (JVM running for 76.437)
2019-11-11 16:34:09 INFO  MobiquityProjectApplication:651 - No active profile set, falling back to default profiles: default
2019-11-11 16:34:12 INFO  MobiquityProjectApplication:61 - Started MobiquityProjectApplication in 3.323 seconds (JVM running for 4.165)
2019-11-11 16:34:38 INFO  MobiquityProjectApplication:651 - No active profile set, falling back to default profiles: default
2019-11-11 16:34:41 INFO  MobiquityProjectApplication:61 - Started MobiquityProjectApplication in 3.389 seconds (JVM running for 4.212)
2019-11-11 16:35:39 INFO  CustomerController:48 - view all customer request recieved
2019-11-11 16:48:08 INFO  MobiquityProjectApplication:651 - No active profile set, falling back to default profiles: default
2019-11-11 16:48:11 INFO  MobiquityProjectApplication:61 - Started MobiquityProjectApplication in 3.499 seconds (JVM running for 4.416)
2019-11-11 17:00:07 INFO  AdminController:31 - Admin validation post request for admin :sudhakar_bhat
2019-11-11 17:06:04 INFO  AdminController:31 - Admin validation post request for admin :sudhakar_bhat
2019-11-11 17:09:23 INFO  AdminController:31 - Admin validation post request for admin :sudhakar_bhat
2019-11-11 17:19:20 INFO  MobiquityProjectApplication:651 - No active profile set, falling back to default profiles: default
2019-11-11 17:19:21 INFO  MobiquityProjectApplication:61 - Started MobiquityProjectApplication in 1.19 seconds (JVM running for 1874.3)
2019-11-11 17:46:38 INFO  MobiquityProjectApplication:651 - No active profile set, falling back to default profiles: default
2019-11-11 17:46:41 INFO  MobiquityProjectApplication:61 - Started MobiquityProjectApplication in 3.434 seconds (JVM running for 4.287)
2019-11-11 17:46:50 INFO  CustomerController:52 - view all customer request recieved
2019-11-11 17:47:05 INFO  CustomerController:46 - view customer request is recieved for Customer with phone no. :9115156622
2019-11-11 17:47:05 INFO  CustomerService:27 - View customer Response sent for customer with phone no :9115156622
2019-11-11 17:51:15 INFO  CustomerController:36 - Add customer post request is recieved for customerv : Customer [customerID=0.0, phoneNo=7006040376, firstname=Ankit, lastname=sharma, email=ankit.sharma7@comviva.com, gender=male, age=18, houseNo=112, street=channi, city=jammu, state=J&K]
2019-11-11 17:51:15 INFO  CustomerService:50 - Customer [customerID=1.573474875186E12, phoneNo=7006040376, firstname=Ankit, lastname=sharma, email=ankit.sharma7@comviva.com, gender=male, age=18, houseNo=112, street=channi, city=jammu, state=J&K]>>>>>>>>Customer added sucessfully<<<<<<<<<
2019-11-11 17:51:29 INFO  CustomerController:46 - view customer request is recieved for Customer with phone no. :7006040376
2019-11-11 17:51:29 INFO  CustomerService:27 - View customer Response sent for customer with phone no :7006040376
2019-11-11 17:51:40 INFO  CustomerController:36 - Add customer post request is recieved for customerv : Customer [customerID=0.0, phoneNo=7006040376, firstname=Ankit, lastname=sharma, email=ankit.sharma7@comviva.com, gender=male, age=18, houseNo=112, street=channi, city=jammu, state=J&K]
